{"C:\\rs\\react\\rs\\rs-react-app\\src\\App.tsx": {"path":"C:\\rs\\react\\rs\\rs-react-app\\src\\App.tsx","all":false,"statementMap":{"0":{"start":{"line":1,"column":0},"end":{"line":1,"column":26}},"1":{"start":{"line":2,"column":0},"end":{"line":2,"column":19}},"2":{"start":{"line":3,"column":0},"end":{"line":3,"column":41}},"3":{"start":{"line":4,"column":0},"end":{"line":4,"column":43}},"4":{"start":{"line":5,"column":0},"end":{"line":5,"column":59}},"5":{"start":{"line":6,"column":0},"end":{"line":6,"column":45}},"6":{"start":{"line":7,"column":0},"end":{"line":7,"column":53}},"9":{"start":{"line":10,"column":0},"end":{"line":10,"column":68}},"10":{"start":{"line":11,"column":0},"end":{"line":11,"column":30}},"11":{"start":{"line":12,"column":0},"end":{"line":12,"column":17}},"12":{"start":{"line":13,"column":0},"end":{"line":13,"column":83}},"13":{"start":{"line":14,"column":0},"end":{"line":14,"column":3}},"15":{"start":{"line":16,"column":0},"end":{"line":16,"column":40}},"16":{"start":{"line":17,"column":0},"end":{"line":17,"column":68}},"17":{"start":{"line":18,"column":0},"end":{"line":18,"column":22}},"18":{"start":{"line":19,"column":0},"end":{"line":19,"column":125}},"19":{"start":{"line":20,"column":0},"end":{"line":20,"column":8}},"20":{"start":{"line":21,"column":0},"end":{"line":21,"column":37}},"21":{"start":{"line":22,"column":0},"end":{"line":22,"column":3}},"23":{"start":{"line":24,"column":0},"end":{"line":24,"column":29}},"24":{"start":{"line":25,"column":0},"end":{"line":25,"column":39}},"25":{"start":{"line":26,"column":0},"end":{"line":26,"column":55}},"26":{"start":{"line":27,"column":0},"end":{"line":27,"column":21}},"27":{"start":{"line":28,"column":0},"end":{"line":28,"column":34}},"28":{"start":{"line":29,"column":0},"end":{"line":29,"column":48}},"29":{"start":{"line":30,"column":0},"end":{"line":30,"column":12}},"30":{"start":{"line":31,"column":0},"end":{"line":31,"column":11}},"31":{"start":{"line":32,"column":0},"end":{"line":32,"column":46}},"32":{"start":{"line":33,"column":0},"end":{"line":33,"column":31}},"33":{"start":{"line":34,"column":0},"end":{"line":34,"column":17}},"34":{"start":{"line":35,"column":0},"end":{"line":35,"column":44}},"35":{"start":{"line":36,"column":0},"end":{"line":36,"column":7}},"36":{"start":{"line":37,"column":0},"end":{"line":37,"column":5}},"37":{"start":{"line":38,"column":0},"end":{"line":38,"column":3}},"39":{"start":{"line":40,"column":0},"end":{"line":40,"column":35}},"40":{"start":{"line":41,"column":0},"end":{"line":41,"column":39}},"41":{"start":{"line":42,"column":0},"end":{"line":42,"column":9}},"42":{"start":{"line":43,"column":0},"end":{"line":43,"column":47}},"43":{"start":{"line":44,"column":0},"end":{"line":44,"column":29}},"44":{"start":{"line":45,"column":0},"end":{"line":45,"column":15}},"45":{"start":{"line":46,"column":0},"end":{"line":46,"column":42}},"46":{"start":{"line":47,"column":0},"end":{"line":47,"column":5}},"47":{"start":{"line":48,"column":0},"end":{"line":48,"column":3}},"49":{"start":{"line":50,"column":0},"end":{"line":50,"column":27}},"50":{"start":{"line":51,"column":0},"end":{"line":51,"column":41}},"51":{"start":{"line":52,"column":0},"end":{"line":52,"column":3}},"53":{"start":{"line":54,"column":0},"end":{"line":54,"column":14}},"54":{"start":{"line":55,"column":0},"end":{"line":55,"column":75}},"55":{"start":{"line":56,"column":0},"end":{"line":56,"column":13}},"56":{"start":{"line":57,"column":0},"end":{"line":57,"column":5}},"57":{"start":{"line":58,"column":0},"end":{"line":58,"column":50}},"58":{"start":{"line":59,"column":0},"end":{"line":59,"column":38}},"59":{"start":{"line":60,"column":0},"end":{"line":60,"column":3}},"61":{"start":{"line":62,"column":0},"end":{"line":62,"column":23}},"62":{"start":{"line":63,"column":0},"end":{"line":63,"column":41}},"63":{"start":{"line":64,"column":0},"end":{"line":64,"column":4}},"65":{"start":{"line":66,"column":0},"end":{"line":66,"column":12}},"66":{"start":{"line":67,"column":0},"end":{"line":67,"column":12}},"67":{"start":{"line":68,"column":0},"end":{"line":68,"column":21}},"68":{"start":{"line":69,"column":0},"end":{"line":69,"column":15}},"69":{"start":{"line":70,"column":0},"end":{"line":70,"column":39}},"70":{"start":{"line":71,"column":0},"end":{"line":71,"column":45}},"71":{"start":{"line":72,"column":0},"end":{"line":72,"column":45}},"72":{"start":{"line":73,"column":0},"end":{"line":73,"column":10}},"73":{"start":{"line":74,"column":0},"end":{"line":74,"column":33}},"74":{"start":{"line":75,"column":0},"end":{"line":75,"column":20}},"76":{"start":{"line":77,"column":0},"end":{"line":77,"column":18}},"77":{"start":{"line":78,"column":0},"end":{"line":78,"column":34}},"78":{"start":{"line":79,"column":0},"end":{"line":79,"column":48}},"79":{"start":{"line":80,"column":0},"end":{"line":80,"column":38}},"80":{"start":{"line":81,"column":0},"end":{"line":81,"column":12}},"82":{"start":{"line":83,"column":0},"end":{"line":83,"column":22}},"84":{"start":{"line":85,"column":0},"end":{"line":85,"column":3}},"85":{"start":{"line":86,"column":0},"end":{"line":86,"column":1}}},"s":{"0":1,"1":1,"2":1,"3":1,"4":1,"5":1,"6":1,"9":1,"10":3,"11":3,"12":3,"13":3,"15":3,"16":3,"17":6,"18":6,"19":3,"20":3,"21":3,"23":3,"24":3,"25":3,"26":3,"27":0,"28":0,"29":3,"30":3,"31":3,"32":2,"33":2,"34":2,"35":2,"36":3,"37":3,"39":3,"40":1,"41":1,"42":1,"43":1,"44":1,"45":1,"46":1,"47":1,"49":3,"50":14,"51":14,"53":3,"54":1,"55":0,"56":0,"57":1,"58":1,"59":1,"61":3,"62":0,"63":0,"65":3,"66":24,"67":24,"68":24,"69":24,"70":24,"71":24,"72":24,"73":24,"74":7,"76":17,"77":17,"78":17,"79":17,"80":17,"82":24,"84":24,"85":3},"branchMap":{"0":{"type":"branch","line":10,"loc":{"start":{"line":10,"column":67},"end":{"line":86,"column":1}},"locations":[{"start":{"line":10,"column":67},"end":{"line":86,"column":1}}]},"1":{"type":"branch","line":11,"loc":{"start":{"line":11,"column":2},"end":{"line":14,"column":3}},"locations":[{"start":{"line":11,"column":2},"end":{"line":14,"column":3}}]},"2":{"type":"branch","line":16,"loc":{"start":{"line":16,"column":2},"end":{"line":22,"column":3}},"locations":[{"start":{"line":16,"column":2},"end":{"line":22,"column":3}}]},"3":{"type":"branch","line":17,"loc":{"start":{"line":17,"column":56},"end":{"line":20,"column":6}},"locations":[{"start":{"line":17,"column":56},"end":{"line":20,"column":6}}]},"4":{"type":"branch","line":24,"loc":{"start":{"line":24,"column":2},"end":{"line":38,"column":3}},"locations":[{"start":{"line":24,"column":2},"end":{"line":38,"column":3}}]},"5":{"type":"branch","line":27,"loc":{"start":{"line":27,"column":20},"end":{"line":30,"column":11}},"locations":[{"start":{"line":27,"column":20},"end":{"line":30,"column":11}}]},"6":{"type":"branch","line":32,"loc":{"start":{"line":32,"column":44},"end":{"line":36,"column":7}},"locations":[{"start":{"line":32,"column":44},"end":{"line":36,"column":7}}]},"7":{"type":"branch","line":40,"loc":{"start":{"line":40,"column":2},"end":{"line":48,"column":3}},"locations":[{"start":{"line":40,"column":2},"end":{"line":48,"column":3}}]},"8":{"type":"branch","line":50,"loc":{"start":{"line":50,"column":2},"end":{"line":52,"column":3}},"locations":[{"start":{"line":50,"column":2},"end":{"line":52,"column":3}}]},"9":{"type":"branch","line":54,"loc":{"start":{"line":54,"column":2},"end":{"line":60,"column":3}},"locations":[{"start":{"line":54,"column":2},"end":{"line":60,"column":3}}]},"10":{"type":"branch","line":55,"loc":{"start":{"line":55,"column":74},"end":{"line":57,"column":5}},"locations":[{"start":{"line":55,"column":74},"end":{"line":57,"column":5}}]},"11":{"type":"branch","line":66,"loc":{"start":{"line":66,"column":2},"end":{"line":85,"column":3}},"locations":[{"start":{"line":66,"column":2},"end":{"line":85,"column":3}}]},"12":{"type":"branch","line":74,"loc":{"start":{"line":74,"column":20},"end":{"line":75,"column":20}},"locations":[{"start":{"line":74,"column":20},"end":{"line":75,"column":20}}]},"13":{"type":"branch","line":75,"loc":{"start":{"line":75,"column":18},"end":{"line":81,"column":12}},"locations":[{"start":{"line":75,"column":18},"end":{"line":81,"column":12}}]}},"b":{"0":[3],"1":[3],"2":[3],"3":[6],"4":[3],"5":[0],"6":[2],"7":[1],"8":[14],"9":[1],"10":[0],"11":[24],"12":[7],"13":[17]},"fnMap":{"0":{"name":"<instance_members_initializer>","decl":{"start":{"line":10,"column":67},"end":{"line":86,"column":1}},"loc":{"start":{"line":10,"column":67},"end":{"line":86,"column":1}},"line":10},"1":{"name":"App","decl":{"start":{"line":11,"column":2},"end":{"line":14,"column":3}},"loc":{"start":{"line":11,"column":2},"end":{"line":14,"column":3}},"line":11},"2":{"name":"getData","decl":{"start":{"line":16,"column":2},"end":{"line":22,"column":3}},"loc":{"start":{"line":16,"column":2},"end":{"line":22,"column":3}},"line":16},"3":{"name":"componentDidMount","decl":{"start":{"line":24,"column":2},"end":{"line":38,"column":3}},"loc":{"start":{"line":24,"column":2},"end":{"line":38,"column":3}},"line":24},"4":{"name":"getNewData","decl":{"start":{"line":40,"column":2},"end":{"line":48,"column":3}},"loc":{"start":{"line":40,"column":2},"end":{"line":48,"column":3}},"line":40},"5":{"name":"newValue","decl":{"start":{"line":50,"column":2},"end":{"line":52,"column":3}},"loc":{"start":{"line":50,"column":2},"end":{"line":52,"column":3}},"line":50},"6":{"name":"onSearch","decl":{"start":{"line":54,"column":2},"end":{"line":60,"column":3}},"loc":{"start":{"line":54,"column":2},"end":{"line":60,"column":3}},"line":54},"7":{"name":"createError","decl":{"start":{"line":62,"column":16},"end":{"line":64,"column":4}},"loc":{"start":{"line":62,"column":16},"end":{"line":64,"column":4}},"line":62},"8":{"name":"render","decl":{"start":{"line":66,"column":2},"end":{"line":85,"column":3}},"loc":{"start":{"line":66,"column":2},"end":{"line":85,"column":3}},"line":66}},"f":{"0":3,"1":3,"2":3,"3":3,"4":1,"5":14,"6":1,"7":0,"8":24}}
,"C:\\rs\\react\\rs\\rs-react-app\\src\\main.tsx": {"path":"C:\\rs\\react\\rs\\rs-react-app\\src\\main.tsx","all":false,"statementMap":{"0":{"start":{"line":1,"column":0},"end":{"line":1,"column":46}},"1":{"start":{"line":2,"column":0},"end":{"line":2,"column":21}},"2":{"start":{"line":3,"column":0},"end":{"line":3,"column":28}},"4":{"start":{"line":5,"column":0},"end":{"line":5,"column":52}},"5":{"start":{"line":6,"column":0},"end":{"line":6,"column":60}},"6":{"start":{"line":7,"column":0},"end":{"line":7,"column":40}}},"s":{"0":1,"1":1,"2":1,"4":1,"5":1,"6":1},"branchMap":{},"b":{},"fnMap":{},"f":{}}
,"C:\\rs\\react\\rs\\rs-react-app\\src\\components\\Button.tsx": {"path":"C:\\rs\\react\\rs\\rs-react-app\\src\\components\\Button.tsx","all":false,"statementMap":{"0":{"start":{"line":1,"column":0},"end":{"line":1,"column":26}},"8":{"start":{"line":9,"column":0},"end":{"line":9,"column":66}},"9":{"start":{"line":10,"column":0},"end":{"line":10,"column":12}},"10":{"start":{"line":11,"column":0},"end":{"line":11,"column":12}},"11":{"start":{"line":12,"column":0},"end":{"line":12,"column":76}},"12":{"start":{"line":13,"column":0},"end":{"line":13,"column":25}},"13":{"start":{"line":14,"column":0},"end":{"line":14,"column":15}},"15":{"start":{"line":16,"column":0},"end":{"line":16,"column":3}},"16":{"start":{"line":17,"column":0},"end":{"line":17,"column":1}}},"s":{"0":1,"8":1,"9":1,"10":49,"11":49,"12":49,"13":49,"15":49,"16":1},"branchMap":{"0":{"type":"branch","line":10,"loc":{"start":{"line":10,"column":2},"end":{"line":16,"column":3}},"locations":[{"start":{"line":10,"column":2},"end":{"line":16,"column":3}}]}},"b":{"0":[49]},"fnMap":{"0":{"name":"render","decl":{"start":{"line":10,"column":2},"end":{"line":16,"column":3}},"loc":{"start":{"line":10,"column":2},"end":{"line":16,"column":3}},"line":10}},"f":{"0":49}}
,"C:\\rs\\react\\rs\\rs-react-app\\src\\components\\Content.tsx": {"path":"C:\\rs\\react\\rs\\rs-react-app\\src\\components\\Content.tsx","all":false,"statementMap":{"0":{"start":{"line":1,"column":0},"end":{"line":1,"column":26}},"1":{"start":{"line":2,"column":0},"end":{"line":2,"column":38}},"2":{"start":{"line":3,"column":0},"end":{"line":3,"column":30}},"5":{"start":{"line":6,"column":0},"end":{"line":6,"column":68}},"6":{"start":{"line":7,"column":0},"end":{"line":7,"column":12}},"7":{"start":{"line":8,"column":0},"end":{"line":8,"column":33}},"8":{"start":{"line":9,"column":0},"end":{"line":9,"column":49}},"9":{"start":{"line":10,"column":0},"end":{"line":10,"column":5}},"10":{"start":{"line":11,"column":0},"end":{"line":11,"column":12}},"11":{"start":{"line":12,"column":0},"end":{"line":12,"column":8}},"12":{"start":{"line":13,"column":0},"end":{"line":13,"column":34}},"13":{"start":{"line":14,"column":0},"end":{"line":14,"column":47}},"14":{"start":{"line":15,"column":0},"end":{"line":15,"column":100}},"15":{"start":{"line":16,"column":0},"end":{"line":16,"column":15}},"16":{"start":{"line":17,"column":0},"end":{"line":17,"column":9}},"18":{"start":{"line":19,"column":0},"end":{"line":19,"column":3}},"19":{"start":{"line":20,"column":0},"end":{"line":20,"column":1}}},"s":{"0":1,"1":1,"2":1,"5":1,"6":1,"7":20,"8":2,"9":2,"10":18,"11":18,"12":18,"13":18,"14":18,"15":18,"16":18,"18":20,"19":1},"branchMap":{"0":{"type":"branch","line":7,"loc":{"start":{"line":7,"column":2},"end":{"line":19,"column":3}},"locations":[{"start":{"line":7,"column":2},"end":{"line":19,"column":3}}]},"1":{"type":"branch","line":8,"loc":{"start":{"line":8,"column":32},"end":{"line":10,"column":5}},"locations":[{"start":{"line":8,"column":32},"end":{"line":10,"column":5}}]},"2":{"type":"branch","line":10,"loc":{"start":{"line":10,"column":4},"end":{"line":17,"column":9}},"locations":[{"start":{"line":10,"column":4},"end":{"line":17,"column":9}}]}},"b":{"0":[20],"1":[2],"2":[18]},"fnMap":{"0":{"name":"render","decl":{"start":{"line":7,"column":2},"end":{"line":19,"column":3}},"loc":{"start":{"line":7,"column":2},"end":{"line":19,"column":3}},"line":7}},"f":{"0":20}}
,"C:\\rs\\react\\rs\\rs-react-app\\src\\components\\ContentBox.tsx": {"path":"C:\\rs\\react\\rs\\rs-react-app\\src\\components\\ContentBox.tsx","all":false,"statementMap":{"0":{"start":{"line":1,"column":0},"end":{"line":1,"column":26}},"3":{"start":{"line":4,"column":0},"end":{"line":4,"column":74}},"4":{"start":{"line":5,"column":0},"end":{"line":5,"column":12}},"5":{"start":{"line":6,"column":0},"end":{"line":6,"column":12}},"6":{"start":{"line":7,"column":0},"end":{"line":7,"column":8}},"7":{"start":{"line":8,"column":0},"end":{"line":8,"column":43}},"8":{"start":{"line":9,"column":0},"end":{"line":9,"column":48}},"9":{"start":{"line":10,"column":0},"end":{"line":10,"column":55}},"10":{"start":{"line":11,"column":0},"end":{"line":11,"column":14}},"11":{"start":{"line":12,"column":0},"end":{"line":12,"column":38}},"12":{"start":{"line":13,"column":0},"end":{"line":13,"column":58}},"13":{"start":{"line":14,"column":0},"end":{"line":14,"column":57}},"14":{"start":{"line":15,"column":0},"end":{"line":15,"column":57}},"15":{"start":{"line":16,"column":0},"end":{"line":16,"column":16}},"16":{"start":{"line":17,"column":0},"end":{"line":17,"column":11}},"17":{"start":{"line":18,"column":0},"end":{"line":18,"column":9}},"19":{"start":{"line":20,"column":0},"end":{"line":20,"column":3}},"20":{"start":{"line":21,"column":0},"end":{"line":21,"column":1}}},"s":{"0":1,"3":1,"4":1,"5":18,"6":18,"7":18,"8":18,"9":18,"10":18,"11":18,"12":35,"13":35,"14":35,"15":35,"16":18,"17":18,"19":18,"20":1},"branchMap":{"0":{"type":"branch","line":5,"loc":{"start":{"line":5,"column":2},"end":{"line":20,"column":3}},"locations":[{"start":{"line":5,"column":2},"end":{"line":20,"column":3}}]},"1":{"type":"branch","line":12,"loc":{"start":{"line":12,"column":29},"end":{"line":16,"column":16}},"locations":[{"start":{"line":12,"column":29},"end":{"line":16,"column":16}}]}},"b":{"0":[18],"1":[35]},"fnMap":{"0":{"name":"render","decl":{"start":{"line":5,"column":2},"end":{"line":20,"column":3}},"loc":{"start":{"line":5,"column":2},"end":{"line":20,"column":3}},"line":5}},"f":{"0":18}}
,"C:\\rs\\react\\rs\\rs-react-app\\src\\components\\ErrorBoundary.tsx": {"path":"C:\\rs\\react\\rs\\rs-react-app\\src\\components\\ErrorBoundary.tsx","all":false,"statementMap":{"0":{"start":{"line":1,"column":0},"end":{"line":1,"column":26}},"1":{"start":{"line":2,"column":0},"end":{"line":2,"column":30}},"11":{"start":{"line":12,"column":0},"end":{"line":12,"column":84}},"12":{"start":{"line":13,"column":0},"end":{"line":13,"column":34}},"13":{"start":{"line":14,"column":0},"end":{"line":14,"column":17}},"14":{"start":{"line":15,"column":0},"end":{"line":15,"column":37}},"15":{"start":{"line":16,"column":0},"end":{"line":16,"column":3}},"17":{"start":{"line":18,"column":0},"end":{"line":18,"column":49}},"18":{"start":{"line":19,"column":0},"end":{"line":19,"column":30}},"19":{"start":{"line":20,"column":0},"end":{"line":20,"column":3}},"21":{"start":{"line":22,"column":0},"end":{"line":22,"column":69}},"22":{"start":{"line":23,"column":0},"end":{"line":23,"column":69}},"23":{"start":{"line":24,"column":0},"end":{"line":24,"column":3}},"25":{"start":{"line":26,"column":0},"end":{"line":26,"column":12}},"26":{"start":{"line":27,"column":0},"end":{"line":27,"column":30}},"27":{"start":{"line":28,"column":0},"end":{"line":28,"column":14}},"28":{"start":{"line":29,"column":0},"end":{"line":29,"column":35}},"29":{"start":{"line":30,"column":0},"end":{"line":30,"column":39}},"31":{"start":{"line":32,"column":0},"end":{"line":32,"column":16}},"32":{"start":{"line":33,"column":0},"end":{"line":33,"column":99}},"33":{"start":{"line":34,"column":0},"end":{"line":34,"column":14}},"35":{"start":{"line":36,"column":0},"end":{"line":36,"column":5}},"36":{"start":{"line":37,"column":0},"end":{"line":37,"column":31}},"37":{"start":{"line":38,"column":0},"end":{"line":38,"column":3}},"38":{"start":{"line":39,"column":0},"end":{"line":39,"column":1}}},"s":{"0":1,"1":1,"11":1,"12":1,"13":9,"14":9,"15":9,"17":1,"18":4,"19":4,"21":1,"22":2,"23":2,"25":1,"26":32,"27":4,"28":4,"29":4,"31":4,"32":4,"33":4,"35":4,"36":28,"37":32,"38":1},"branchMap":{"0":{"type":"branch","line":13,"loc":{"start":{"line":13,"column":2},"end":{"line":16,"column":3}},"locations":[{"start":{"line":13,"column":2},"end":{"line":16,"column":3}}]},"1":{"type":"branch","line":18,"loc":{"start":{"line":18,"column":9},"end":{"line":20,"column":3}},"locations":[{"start":{"line":18,"column":9},"end":{"line":20,"column":3}}]},"2":{"type":"branch","line":22,"loc":{"start":{"line":22,"column":2},"end":{"line":24,"column":3}},"locations":[{"start":{"line":22,"column":2},"end":{"line":24,"column":3}}]},"3":{"type":"branch","line":26,"loc":{"start":{"line":26,"column":2},"end":{"line":38,"column":3}},"locations":[{"start":{"line":26,"column":2},"end":{"line":38,"column":3}}]},"4":{"type":"branch","line":27,"loc":{"start":{"line":27,"column":29},"end":{"line":37,"column":31}},"locations":[{"start":{"line":27,"column":29},"end":{"line":37,"column":31}}]},"5":{"type":"branch","line":27,"loc":{"start":{"line":27,"column":29},"end":{"line":36,"column":5}},"locations":[{"start":{"line":27,"column":29},"end":{"line":36,"column":5}}]},"6":{"type":"branch","line":33,"loc":{"start":{"line":33,"column":46},"end":{"line":33,"column":78}},"locations":[{"start":{"line":33,"column":46},"end":{"line":33,"column":78}}]}},"b":{"0":[9],"1":[4],"2":[2],"3":[32],"4":[28],"5":[4],"6":[1]},"fnMap":{"0":{"name":"ErrorBoundary","decl":{"start":{"line":13,"column":2},"end":{"line":16,"column":3}},"loc":{"start":{"line":13,"column":2},"end":{"line":16,"column":3}},"line":13},"1":{"name":"getDerivedStateFromError","decl":{"start":{"line":18,"column":9},"end":{"line":20,"column":3}},"loc":{"start":{"line":18,"column":9},"end":{"line":20,"column":3}},"line":18},"2":{"name":"componentDidCatch","decl":{"start":{"line":22,"column":2},"end":{"line":24,"column":3}},"loc":{"start":{"line":22,"column":2},"end":{"line":24,"column":3}},"line":22},"3":{"name":"render","decl":{"start":{"line":26,"column":2},"end":{"line":38,"column":3}},"loc":{"start":{"line":26,"column":2},"end":{"line":38,"column":3}},"line":26},"4":{"name":"onClick","decl":{"start":{"line":33,"column":46},"end":{"line":33,"column":78}},"loc":{"start":{"line":33,"column":46},"end":{"line":33,"column":78}},"line":33}},"f":{"0":9,"1":4,"2":2,"3":32,"4":1}}
,"C:\\rs\\react\\rs\\rs-react-app\\src\\components\\Header.tsx": {"path":"C:\\rs\\react\\rs\\rs-react-app\\src\\components\\Header.tsx","all":false,"statementMap":{"0":{"start":{"line":1,"column":0},"end":{"line":1,"column":26}},"1":{"start":{"line":2,"column":0},"end":{"line":2,"column":30}},"2":{"start":{"line":3,"column":0},"end":{"line":3,"column":28}},"10":{"start":{"line":11,"column":0},"end":{"line":11,"column":66}},"11":{"start":{"line":12,"column":0},"end":{"line":12,"column":12}},"12":{"start":{"line":13,"column":0},"end":{"line":13,"column":12}},"13":{"start":{"line":14,"column":0},"end":{"line":14,"column":8}},"14":{"start":{"line":15,"column":0},"end":{"line":15,"column":35}},"15":{"start":{"line":16,"column":0},"end":{"line":16,"column":16}},"16":{"start":{"line":17,"column":0},"end":{"line":17,"column":29}},"17":{"start":{"line":18,"column":0},"end":{"line":18,"column":23}},"18":{"start":{"line":19,"column":0},"end":{"line":19,"column":36}},"19":{"start":{"line":20,"column":0},"end":{"line":20,"column":42}},"20":{"start":{"line":21,"column":0},"end":{"line":21,"column":41}},"21":{"start":{"line":22,"column":0},"end":{"line":22,"column":50}},"22":{"start":{"line":23,"column":0},"end":{"line":23,"column":12}},"23":{"start":{"line":24,"column":0},"end":{"line":24,"column":83}},"24":{"start":{"line":25,"column":0},"end":{"line":25,"column":17}},"25":{"start":{"line":26,"column":0},"end":{"line":26,"column":9}},"27":{"start":{"line":28,"column":0},"end":{"line":28,"column":3}},"28":{"start":{"line":29,"column":0},"end":{"line":29,"column":1}}},"s":{"0":1,"1":1,"2":1,"10":1,"11":1,"12":25,"13":25,"14":25,"15":25,"16":25,"17":25,"18":25,"19":25,"20":25,"21":25,"22":25,"23":25,"24":25,"25":25,"27":25,"28":1},"branchMap":{"0":{"type":"branch","line":12,"loc":{"start":{"line":12,"column":2},"end":{"line":28,"column":3}},"locations":[{"start":{"line":12,"column":2},"end":{"line":28,"column":3}}]}},"b":{"0":[25]},"fnMap":{"0":{"name":"render","decl":{"start":{"line":12,"column":2},"end":{"line":28,"column":3}},"loc":{"start":{"line":12,"column":2},"end":{"line":28,"column":3}},"line":12}},"f":{"0":25}}
,"C:\\rs\\react\\rs\\rs-react-app\\src\\components\\Input.tsx": {"path":"C:\\rs\\react\\rs\\rs-react-app\\src\\components\\Input.tsx","all":false,"statementMap":{"0":{"start":{"line":1,"column":0},"end":{"line":1,"column":26}},"11":{"start":{"line":12,"column":0},"end":{"line":12,"column":64}},"12":{"start":{"line":13,"column":0},"end":{"line":13,"column":65}},"13":{"start":{"line":14,"column":0},"end":{"line":14,"column":50}},"14":{"start":{"line":15,"column":0},"end":{"line":15,"column":27}},"15":{"start":{"line":16,"column":0},"end":{"line":16,"column":5}},"16":{"start":{"line":17,"column":0},"end":{"line":17,"column":4}},"17":{"start":{"line":18,"column":0},"end":{"line":18,"column":62}},"18":{"start":{"line":19,"column":0},"end":{"line":19,"column":40}},"19":{"start":{"line":20,"column":0},"end":{"line":20,"column":4}},"20":{"start":{"line":21,"column":0},"end":{"line":21,"column":12}},"21":{"start":{"line":22,"column":0},"end":{"line":22,"column":12}},"22":{"start":{"line":23,"column":0},"end":{"line":23,"column":12}},"23":{"start":{"line":24,"column":0},"end":{"line":24,"column":40}},"24":{"start":{"line":25,"column":0},"end":{"line":25,"column":30}},"25":{"start":{"line":26,"column":0},"end":{"line":26,"column":32}},"26":{"start":{"line":27,"column":0},"end":{"line":27,"column":38}},"27":{"start":{"line":28,"column":0},"end":{"line":28,"column":36}},"28":{"start":{"line":29,"column":0},"end":{"line":29,"column":44}},"29":{"start":{"line":30,"column":0},"end":{"line":30,"column":8}},"31":{"start":{"line":32,"column":0},"end":{"line":32,"column":3}},"32":{"start":{"line":33,"column":0},"end":{"line":33,"column":1}}},"s":{"0":1,"11":1,"12":7,"13":15,"14":1,"15":1,"16":15,"17":7,"18":15,"19":15,"20":7,"21":28,"22":28,"23":28,"24":28,"25":28,"26":28,"27":28,"28":28,"29":28,"31":28,"32":7},"branchMap":{"0":{"type":"branch","line":12,"loc":{"start":{"line":12,"column":63},"end":{"line":33,"column":1}},"locations":[{"start":{"line":12,"column":63},"end":{"line":33,"column":1}}]},"1":{"type":"branch","line":13,"loc":{"start":{"line":13,"column":18},"end":{"line":17,"column":4}},"locations":[{"start":{"line":13,"column":18},"end":{"line":17,"column":4}}]},"2":{"type":"branch","line":14,"loc":{"start":{"line":14,"column":18},"end":{"line":14,"column":49}},"locations":[{"start":{"line":14,"column":18},"end":{"line":14,"column":49}}]},"3":{"type":"branch","line":14,"loc":{"start":{"line":14,"column":49},"end":{"line":16,"column":5}},"locations":[{"start":{"line":14,"column":49},"end":{"line":16,"column":5}}]},"4":{"type":"branch","line":18,"loc":{"start":{"line":18,"column":17},"end":{"line":20,"column":4}},"locations":[{"start":{"line":18,"column":17},"end":{"line":20,"column":4}}]},"5":{"type":"branch","line":21,"loc":{"start":{"line":21,"column":2},"end":{"line":32,"column":3}},"locations":[{"start":{"line":21,"column":2},"end":{"line":32,"column":3}}]}},"b":{"0":[7],"1":[15],"2":[1],"3":[1],"4":[15],"5":[28]},"fnMap":{"0":{"name":"<instance_members_initializer>","decl":{"start":{"line":12,"column":63},"end":{"line":33,"column":1}},"loc":{"start":{"line":12,"column":63},"end":{"line":33,"column":1}},"line":12},"1":{"name":"handleKeyDown","decl":{"start":{"line":13,"column":18},"end":{"line":17,"column":4}},"loc":{"start":{"line":13,"column":18},"end":{"line":17,"column":4}},"line":13},"2":{"name":"handleChange","decl":{"start":{"line":18,"column":17},"end":{"line":20,"column":4}},"loc":{"start":{"line":18,"column":17},"end":{"line":20,"column":4}},"line":18},"3":{"name":"render","decl":{"start":{"line":21,"column":2},"end":{"line":32,"column":3}},"loc":{"start":{"line":21,"column":2},"end":{"line":32,"column":3}},"line":21}},"f":{"0":7,"1":15,"2":15,"3":28}}
,"C:\\rs\\react\\rs\\rs-react-app\\src\\components\\Loader.tsx": {"path":"C:\\rs\\react\\rs\\rs-react-app\\src\\components\\Loader.tsx","all":false,"statementMap":{"0":{"start":{"line":1,"column":0},"end":{"line":1,"column":26}},"1":{"start":{"line":2,"column":0},"end":{"line":2,"column":42}},"3":{"start":{"line":4,"column":0},"end":{"line":4,"column":53}},"4":{"start":{"line":5,"column":0},"end":{"line":5,"column":12}},"5":{"start":{"line":6,"column":0},"end":{"line":6,"column":12}},"6":{"start":{"line":7,"column":0},"end":{"line":7,"column":30}},"7":{"start":{"line":8,"column":0},"end":{"line":8,"column":68}},"8":{"start":{"line":9,"column":0},"end":{"line":9,"column":12}},"10":{"start":{"line":11,"column":0},"end":{"line":11,"column":3}},"11":{"start":{"line":12,"column":0},"end":{"line":12,"column":1}}},"s":{"0":1,"1":1,"3":1,"4":1,"5":8,"6":8,"7":8,"8":8,"10":8,"11":1},"branchMap":{"0":{"type":"branch","line":5,"loc":{"start":{"line":5,"column":2},"end":{"line":11,"column":3}},"locations":[{"start":{"line":5,"column":2},"end":{"line":11,"column":3}}]}},"b":{"0":[8]},"fnMap":{"0":{"name":"render","decl":{"start":{"line":5,"column":2},"end":{"line":11,"column":3}},"loc":{"start":{"line":5,"column":2},"end":{"line":11,"column":3}},"line":5}},"f":{"0":8}}
,"C:\\rs\\react\\rs\\rs-react-app\\src\\services\\services.tsx": {"path":"C:\\rs\\react\\rs\\rs-react-app\\src\\services\\services.tsx","all":false,"statementMap":{"0":{"start":{"line":1,"column":0},"end":{"line":1,"column":53}},"2":{"start":{"line":3,"column":0},"end":{"line":3,"column":53}},"3":{"start":{"line":4,"column":0},"end":{"line":4,"column":49}},"4":{"start":{"line":5,"column":0},"end":{"line":5,"column":58}},"6":{"start":{"line":7,"column":0},"end":{"line":7,"column":7}},"7":{"start":{"line":8,"column":0},"end":{"line":8,"column":49}},"8":{"start":{"line":9,"column":0},"end":{"line":9,"column":39}},"9":{"start":{"line":10,"column":0},"end":{"line":10,"column":44}},"10":{"start":{"line":11,"column":0},"end":{"line":11,"column":16}},"11":{"start":{"line":12,"column":0},"end":{"line":12,"column":19}},"12":{"start":{"line":13,"column":0},"end":{"line":13,"column":25}},"13":{"start":{"line":14,"column":0},"end":{"line":14,"column":16}},"14":{"start":{"line":15,"column":0},"end":{"line":15,"column":3}},"15":{"start":{"line":16,"column":0},"end":{"line":16,"column":2}}},"s":{"0":1,"2":1,"3":2,"4":2,"6":2,"7":2,"8":1,"9":1,"10":1,"11":1,"12":1,"13":1,"14":1,"15":2},"branchMap":{"0":{"type":"branch","line":3,"loc":{"start":{"line":3,"column":26},"end":{"line":16,"column":2}},"locations":[{"start":{"line":3,"column":26},"end":{"line":16,"column":2}}]},"1":{"type":"branch","line":8,"loc":{"start":{"line":8,"column":47},"end":{"line":15,"column":3}},"locations":[{"start":{"line":8,"column":47},"end":{"line":15,"column":3}}]}},"b":{"0":[2],"1":[1]},"fnMap":{"0":{"name":"getResults","decl":{"start":{"line":3,"column":26},"end":{"line":16,"column":2}},"loc":{"start":{"line":3,"column":26},"end":{"line":16,"column":2}},"line":3}},"f":{"0":2}}
,"C:\\rs\\react\\rs\\rs-react-app\\src\\test-utils\\localStorage.ts": {"path":"C:\\rs\\react\\rs\\rs-react-app\\src\\test-utils\\localStorage.ts","all":false,"statementMap":{"0":{"start":{"line":1,"column":0},"end":{"line":1,"column":39}},"2":{"start":{"line":3,"column":0},"end":{"line":3,"column":51}},"3":{"start":{"line":4,"column":0},"end":{"line":4,"column":19}},"4":{"start":{"line":5,"column":0},"end":{"line":5,"column":19}},"5":{"start":{"line":6,"column":0},"end":{"line":6,"column":22}},"6":{"start":{"line":7,"column":0},"end":{"line":7,"column":17}},"7":{"start":{"line":8,"column":0},"end":{"line":8,"column":15}},"8":{"start":{"line":9,"column":0},"end":{"line":9,"column":12}},"9":{"start":{"line":10,"column":0},"end":{"line":10,"column":2}},"11":{"start":{"line":12,"column":0},"end":{"line":12,"column":44}},"12":{"start":{"line":13,"column":0},"end":{"line":13,"column":50}},"13":{"start":{"line":14,"column":0},"end":{"line":14,"column":50}},"14":{"start":{"line":15,"column":0},"end":{"line":15,"column":53}},"15":{"start":{"line":16,"column":0},"end":{"line":16,"column":48}},"16":{"start":{"line":17,"column":0},"end":{"line":17,"column":46}},"17":{"start":{"line":18,"column":0},"end":{"line":18,"column":2}},"19":{"start":{"line":20,"column":0},"end":{"line":20,"column":33}},"20":{"start":{"line":21,"column":0},"end":{"line":21,"column":40}},"21":{"start":{"line":22,"column":0},"end":{"line":22,"column":2}},"23":{"start":{"line":24,"column":0},"end":{"line":24,"column":28}},"24":{"start":{"line":25,"column":0},"end":{"line":25,"column":12}},"25":{"start":{"line":26,"column":0},"end":{"line":26,"column":5}},"26":{"start":{"line":27,"column":0},"end":{"line":27,"column":29}},"27":{"start":{"line":28,"column":0},"end":{"line":28,"column":20}},"28":{"start":{"line":29,"column":0},"end":{"line":29,"column":21}},"29":{"start":{"line":30,"column":0},"end":{"line":30,"column":26}},"30":{"start":{"line":31,"column":0},"end":{"line":31,"column":26}},"31":{"start":{"line":32,"column":0},"end":{"line":32,"column":6}},"32":{"start":{"line":33,"column":0},"end":{"line":33,"column":5}},"33":{"start":{"line":34,"column":0},"end":{"line":34,"column":20}},"34":{"start":{"line":35,"column":0},"end":{"line":35,"column":18}},"35":{"start":{"line":36,"column":0},"end":{"line":36,"column":20}},"36":{"start":{"line":37,"column":0},"end":{"line":37,"column":24}},"37":{"start":{"line":38,"column":0},"end":{"line":38,"column":27}},"38":{"start":{"line":39,"column":0},"end":{"line":39,"column":6}},"39":{"start":{"line":40,"column":0},"end":{"line":40,"column":4}},"40":{"start":{"line":41,"column":0},"end":{"line":41,"column":2}}},"s":{"0":1,"2":1,"3":1,"4":1,"5":1,"6":1,"7":1,"8":1,"9":1,"11":1,"12":2,"13":2,"14":2,"15":2,"16":2,"17":2,"19":1,"20":1,"21":1,"23":1,"24":1,"25":1,"26":1,"27":1,"28":1,"29":1,"30":1,"31":1,"32":1,"33":1,"34":1,"35":1,"36":1,"37":1,"38":1,"39":1,"40":1},"branchMap":{"0":{"type":"branch","line":12,"loc":{"start":{"line":12,"column":37},"end":{"line":18,"column":2}},"locations":[{"start":{"line":12,"column":37},"end":{"line":18,"column":2}}]}},"b":{"0":[2]},"fnMap":{"0":{"name":"resetLocalStorageMock","decl":{"start":{"line":12,"column":37},"end":{"line":18,"column":2}},"loc":{"start":{"line":12,"column":37},"end":{"line":18,"column":2}},"line":12}},"f":{"0":2}}
,"C:\\rs\\react\\rs\\rs-react-app\\src\\test-utils\\mockWindowReload.ts": {"path":"C:\\rs\\react\\rs\\rs-react-app\\src\\test-utils\\mockWindowReload.ts","all":false,"statementMap":{"0":{"start":{"line":1,"column":0},"end":{"line":1,"column":51}},"2":{"start":{"line":3,"column":0},"end":{"line":3,"column":36}},"3":{"start":{"line":4,"column":0},"end":{"line":4,"column":35}},"4":{"start":{"line":5,"column":0},"end":{"line":5,"column":20}},"5":{"start":{"line":6,"column":0},"end":{"line":6,"column":47}},"6":{"start":{"line":7,"column":0},"end":{"line":7,"column":25}},"7":{"start":{"line":8,"column":0},"end":{"line":8,"column":14}},"8":{"start":{"line":9,"column":0},"end":{"line":9,"column":20}},"9":{"start":{"line":10,"column":0},"end":{"line":10,"column":24}},"10":{"start":{"line":11,"column":0},"end":{"line":11,"column":8}},"11":{"start":{"line":12,"column":0},"end":{"line":12,"column":7}},"12":{"start":{"line":13,"column":0},"end":{"line":13,"column":5}},"13":{"start":{"line":14,"column":0},"end":{"line":14,"column":19}},"14":{"start":{"line":15,"column":0},"end":{"line":15,"column":47}},"15":{"start":{"line":16,"column":0},"end":{"line":16,"column":25}},"16":{"start":{"line":17,"column":0},"end":{"line":17,"column":22}},"17":{"start":{"line":18,"column":0},"end":{"line":18,"column":7}},"18":{"start":{"line":19,"column":0},"end":{"line":19,"column":5}},"19":{"start":{"line":20,"column":0},"end":{"line":20,"column":1}}},"s":{"0":1,"2":1,"3":1,"4":1,"5":1,"6":1,"7":1,"8":1,"9":1,"10":1,"11":1,"12":1,"13":1,"14":1,"15":1,"16":1,"17":1,"18":1,"19":1},"branchMap":{"0":{"type":"branch","line":3,"loc":{"start":{"line":3,"column":7},"end":{"line":20,"column":1}},"locations":[{"start":{"line":3,"column":7},"end":{"line":20,"column":1}}]},"1":{"type":"branch","line":5,"loc":{"start":{"line":5,"column":13},"end":{"line":13,"column":3}},"locations":[{"start":{"line":5,"column":13},"end":{"line":13,"column":3}}]},"2":{"type":"branch","line":14,"loc":{"start":{"line":14,"column":12},"end":{"line":19,"column":3}},"locations":[{"start":{"line":14,"column":12},"end":{"line":19,"column":3}}]}},"b":{"0":[1],"1":[1],"2":[1]},"fnMap":{"0":{"name":"mockWindowReload","decl":{"start":{"line":3,"column":7},"end":{"line":20,"column":1}},"loc":{"start":{"line":3,"column":7},"end":{"line":20,"column":1}},"line":3}},"f":{"0":1}}
,"C:\\rs\\react\\rs\\rs-react-app\\src\\types\\types.tsx": {"path":"C:\\rs\\react\\rs\\rs-react-app\\src\\types\\types.tsx","all":true,"statementMap":{},"s":{},"branchMap":{"0":{"type":"branch","line":1,"loc":{"start":{"line":1,"column":901},"end":{"line":53,"column":1}},"locations":[{"start":{"line":1,"column":901},"end":{"line":53,"column":1}}]}},"b":{"0":[1]},"fnMap":{"0":{"name":"(empty-report)","decl":{"start":{"line":1,"column":901},"end":{"line":53,"column":1}},"loc":{"start":{"line":1,"column":901},"end":{"line":53,"column":1}},"line":1}},"f":{"0":1}}
}
